Watching for file changes with StatReloader
books not found when generating links
Usuario creado: Personal003 Policial003
Internal Server Error: /admin/home/usuario/add/
Traceback (most recent call last):
  File "C:\CVPL2\env\lib\site-packages\django\core\handlers\exception.py", line 55, in inner
    response = get_response(request)
  File "C:\CVPL2\env\lib\site-packages\django\core\handlers\base.py", line 197, in _get_response
    response = wrapped_callback(request, *callback_args, **callback_kwargs)
  File "C:\CVPL2\env\lib\site-packages\django\utils\decorators.py", line 134, in _wrapper_view
    response = view_func(request, *args, **kwargs)
  File "C:\CVPL2\env\lib\site-packages\django\views\decorators\cache.py", line 62, in _wrapper_view_func
    response = view_func(request, *args, **kwargs)
  File "C:\CVPL2\env\lib\site-packages\django\contrib\admin\sites.py", line 242, in inner
    return view(request, *args, **kwargs)
  File "C:\CVPL2\django-material-kit\home\admin.py", line 138, in custom_add_view
    logger.info('Tecnico creado: %s', tecnico)
UnboundLocalError: local variable 'tecnico' referenced before assignment
C:\CVPL2\django-material-kit\home\admin.py changed, reloading.
Watching for file changes with StatReloader
books not found when generating links
Usuario creado: Personal004 Policial004
Personal policial creado: Personal004 Policial004
books not found when generating links
Watching for file changes with StatReloader
Watching for file changes with StatReloader
Watching for file changes with StatReloader
books not found when generating links
books not found when generating links
books not found when generating links
books not found when generating links
books not found when generating links
C:\CVPL2\django-material-kit\core\settings.py changed, reloading.
Watching for file changes with StatReloader
books not found when generating links
books not found when generating links
books not found when generating links
C:\CVPL2\django-material-kit\core\settings.py changed, reloading.
Watching for file changes with StatReloader
books not found when generating links
books not found when generating links
books not found when generating links
books not found when generating links
books not found when generating links
books not found when generating links
books not found when generating links
books not found when generating links
books not found when generating links
books not found when generating links
books not found when generating links
books not found when generating links
C:\CVPL2\django-material-kit\core\settings.py changed, reloading.
Watching for file changes with StatReloader
books not found when generating links
books not found when generating links
books not found when generating links
books not found when generating links
books not found when generating links
books not found when generating links
Usuario creado: Tecnico001 encargado Dlogistica001
Tecnico creado: Tecnico001-encargado Dlogistica001
books not found when generating links
books not found when generating links
books not found when generating links
books not found when generating links
C:\CVPL2\django-material-kit\home\models.py changed, reloading.
Watching for file changes with StatReloader
C:\CVPL2\django-material-kit\home\admin.py changed, reloading.
Watching for file changes with StatReloader
books not found when generating links
books not found when generating links
books not found when generating links
books not found when generating links
books not found when generating links
books not found when generating links
books not found when generating links
books not found when generating links
C:\CVPL2\django-material-kit\home\admin.py changed, reloading.
Watching for file changes with StatReloader
C:\CVPL2\django-material-kit\home\admin.py changed, reloading.
Watching for file changes with StatReloader
books not found when generating links
books not found when generating links
books not found when generating links
C:\CVPL2\django-material-kit\home\admin.py changed, reloading.
Watching for file changes with StatReloader
books not found when generating links
Watching for file changes with StatReloader
Internal Server Error: /queja_sugerencia/
Traceback (most recent call last):
  File "C:\CVPL2\env\lib\site-packages\django\core\handlers\exception.py", line 55, in inner
    response = get_response(request)
  File "C:\CVPL2\env\lib\site-packages\django\core\handlers\base.py", line 197, in _get_response
    response = wrapped_callback(request, *callback_args, **callback_kwargs)
  File "C:\CVPL2\django-material-kit\home\views.py", line 89, in queja_sugerencia
    return render(request, 'quejas/queja_sugerencia.html', {'form': form})
  File "C:\CVPL2\env\lib\site-packages\django\shortcuts.py", line 24, in render
    content = loader.render_to_string(template_name, context, request, using=using)
  File "C:\CVPL2\env\lib\site-packages\django\template\loader.py", line 62, in render_to_string
    return template.render(context, request)
  File "C:\CVPL2\env\lib\site-packages\django\template\backends\django.py", line 61, in render
    return self.template.render(context)
  File "C:\CVPL2\env\lib\site-packages\django\template\base.py", line 175, in render
    return self._render(context)
  File "C:\CVPL2\env\lib\site-packages\django\template\base.py", line 167, in _render
    return self.nodelist.render(context)
  File "C:\CVPL2\env\lib\site-packages\django\template\base.py", line 1005, in render
    return SafeString("".join([node.render_annotated(context) for node in self]))
  File "C:\CVPL2\env\lib\site-packages\django\template\base.py", line 1005, in <listcomp>
    return SafeString("".join([node.render_annotated(context) for node in self]))
  File "C:\CVPL2\env\lib\site-packages\django\template\base.py", line 966, in render_annotated
    return self.render(context)
  File "C:\CVPL2\env\lib\site-packages\django\template\loader_tags.py", line 157, in render
    return compiled_parent._render(context)
  File "C:\CVPL2\env\lib\site-packages\django\template\base.py", line 167, in _render
    return self.nodelist.render(context)
  File "C:\CVPL2\env\lib\site-packages\django\template\base.py", line 1005, in render
    return SafeString("".join([node.render_annotated(context) for node in self]))
  File "C:\CVPL2\env\lib\site-packages\django\template\base.py", line 1005, in <listcomp>
    return SafeString("".join([node.render_annotated(context) for node in self]))
  File "C:\CVPL2\env\lib\site-packages\django\template\base.py", line 966, in render_annotated
    return self.render(context)
  File "C:\CVPL2\env\lib\site-packages\django\template\loader_tags.py", line 63, in render
    result = block.nodelist.render(context)
  File "C:\CVPL2\env\lib\site-packages\django\template\base.py", line 1005, in render
    return SafeString("".join([node.render_annotated(context) for node in self]))
  File "C:\CVPL2\env\lib\site-packages\django\template\base.py", line 1005, in <listcomp>
    return SafeString("".join([node.render_annotated(context) for node in self]))
  File "C:\CVPL2\env\lib\site-packages\django\template\base.py", line 966, in render_annotated
    return self.render(context)
  File "C:\CVPL2\env\lib\site-packages\django\template\defaulttags.py", line 471, in render
    url = reverse(view_name, args=args, kwargs=kwargs, current_app=current_app)
  File "C:\CVPL2\env\lib\site-packages\django\urls\base.py", line 88, in reverse
    return resolver._reverse_with_prefix(view, prefix, *args, **kwargs)
  File "C:\CVPL2\env\lib\site-packages\django\urls\resolvers.py", line 828, in _reverse_with_prefix
    raise NoReverseMatch(msg)
django.urls.exceptions.NoReverseMatch: Reverse for '/' not found. '/' is not a valid view function or pattern name.
Not Found: /favicon.ico
Watching for file changes with StatReloader
books not found when generating links
books not found when generating links
books not found when generating links
books not found when generating links
books not found when generating links
books not found when generating links
books not found when generating links
books not found when generating links
books not found when generating links
books not found when generating links
books not found when generating links
books not found when generating links
books not found when generating links
books not found when generating links
books not found when generating links
books not found when generating links
books not found when generating links
books not found when generating links
books not found when generating links
books not found when generating links
books not found when generating links
books not found when generating links
books not found when generating links
books not found when generating links
books not found when generating links
books not found when generating links
books not found when generating links
books not found when generating links
books not found when generating links
C:\CVPL2\django-material-kit\home\urls.py changed, reloading.
Watching for file changes with StatReloader
C:\CVPL2\django-material-kit\home\views.py changed, reloading.
Watching for file changes with StatReloader
C:\CVPL2\django-material-kit\home\forms.py changed, reloading.
Watching for file changes with StatReloader
Not Found: /get_subcircuitos//
C:\CVPL2\django-material-kit\home\views.py changed, reloading.
Watching for file changes with StatReloader
Internal Server Error: /get_subcircuitos/1/
Traceback (most recent call last):
  File "C:\CVPL2\env\lib\site-packages\django\core\handlers\exception.py", line 55, in inner
    response = get_response(request)
  File "C:\CVPL2\env\lib\site-packages\django\core\handlers\base.py", line 197, in _get_response
    response = wrapped_callback(request, *callback_args, **callback_kwargs)
  File "C:\CVPL2\django-material-kit\home\views.py", line 95, in get_subcircuitos
    subcircuito_list = list(subcircuitos)
  File "C:\CVPL2\env\lib\site-packages\django\db\models\query.py", line 398, in __iter__
    self._fetch_all()
  File "C:\CVPL2\env\lib\site-packages\django\db\models\query.py", line 1881, in _fetch_all
    self._result_cache = list(self._iterable_class(self))
  File "C:\CVPL2\env\lib\site-packages\django\db\models\query.py", line 208, in __iter__
    for row in compiler.results_iter(
  File "C:\CVPL2\env\lib\site-packages\django\db\models\sql\compiler.py", line 1513, in results_iter
    results = self.execute_sql(
  File "C:\CVPL2\env\lib\site-packages\django\db\models\sql\compiler.py", line 1549, in execute_sql
    sql, params = self.as_sql()
  File "C:\CVPL2\env\lib\site-packages\django\db\models\sql\compiler.py", line 736, in as_sql
    extra_select, order_by, group_by = self.pre_sql_setup(
  File "C:\CVPL2\env\lib\site-packages\django\db\models\sql\compiler.py", line 84, in pre_sql_setup
    self.setup_query(with_col_aliases=with_col_aliases)
  File "C:\CVPL2\env\lib\site-packages\django\db\models\sql\compiler.py", line 73, in setup_query
    self.select, self.klass_info, self.annotation_col_map = self.get_select(
  File "C:\CVPL2\env\lib\site-packages\django\db\models\sql\compiler.py", line 309, in get_select
    sql, params = col.select_format(self, sql, params)
  File "C:\CVPL2\env\lib\site-packages\django\db\models\expressions.py", line 468, in select_format
    if hasattr(self.output_field, "select_format"):
  File "C:\CVPL2\env\lib\site-packages\django\utils\functional.py", line 57, in __get__
    res = instance.__dict__[self.name] = self.func(instance)
  File "C:\CVPL2\env\lib\site-packages\django\db\models\expressions.py", line 298, in output_field
    output_field = self._resolve_output_field()
  File "C:\CVPL2\env\lib\site-packages\django\db\models\expressions.py", line 665, in _resolve_output_field
    type(self.lhs._output_field_or_none),
  File "C:\CVPL2\env\lib\site-packages\django\utils\functional.py", line 57, in __get__
    res = instance.__dict__[self.name] = self.func(instance)
  File "C:\CVPL2\env\lib\site-packages\django\db\models\expressions.py", line 311, in _output_field_or_none
    return self.output_field
  File "C:\CVPL2\env\lib\site-packages\django\utils\functional.py", line 57, in __get__
    res = instance.__dict__[self.name] = self.func(instance)
  File "C:\CVPL2\env\lib\site-packages\django\db\models\expressions.py", line 298, in output_field
    output_field = self._resolve_output_field()
  File "C:\CVPL2\env\lib\site-packages\django\db\models\expressions.py", line 669, in _resolve_output_field
    raise FieldError(
django.core.exceptions.FieldError: Cannot infer type of '+' expression involving these types: CharField, CharField. You must set output_field.
Internal Server Error: /get_subcircuitos/2/
Traceback (most recent call last):
  File "C:\CVPL2\env\lib\site-packages\django\core\handlers\exception.py", line 55, in inner
    response = get_response(request)
  File "C:\CVPL2\env\lib\site-packages\django\core\handlers\base.py", line 197, in _get_response
    response = wrapped_callback(request, *callback_args, **callback_kwargs)
  File "C:\CVPL2\django-material-kit\home\views.py", line 95, in get_subcircuitos
    subcircuito_list = list(subcircuitos)
  File "C:\CVPL2\env\lib\site-packages\django\db\models\query.py", line 398, in __iter__
    self._fetch_all()
  File "C:\CVPL2\env\lib\site-packages\django\db\models\query.py", line 1881, in _fetch_all
    self._result_cache = list(self._iterable_class(self))
  File "C:\CVPL2\env\lib\site-packages\django\db\models\query.py", line 208, in __iter__
    for row in compiler.results_iter(
  File "C:\CVPL2\env\lib\site-packages\django\db\models\sql\compiler.py", line 1513, in results_iter
    results = self.execute_sql(
  File "C:\CVPL2\env\lib\site-packages\django\db\models\sql\compiler.py", line 1549, in execute_sql
    sql, params = self.as_sql()
  File "C:\CVPL2\env\lib\site-packages\django\db\models\sql\compiler.py", line 736, in as_sql
    extra_select, order_by, group_by = self.pre_sql_setup(
  File "C:\CVPL2\env\lib\site-packages\django\db\models\sql\compiler.py", line 84, in pre_sql_setup
    self.setup_query(with_col_aliases=with_col_aliases)
  File "C:\CVPL2\env\lib\site-packages\django\db\models\sql\compiler.py", line 73, in setup_query
    self.select, self.klass_info, self.annotation_col_map = self.get_select(
  File "C:\CVPL2\env\lib\site-packages\django\db\models\sql\compiler.py", line 309, in get_select
    sql, params = col.select_format(self, sql, params)
  File "C:\CVPL2\env\lib\site-packages\django\db\models\expressions.py", line 468, in select_format
    if hasattr(self.output_field, "select_format"):
  File "C:\CVPL2\env\lib\site-packages\django\utils\functional.py", line 57, in __get__
    res = instance.__dict__[self.name] = self.func(instance)
  File "C:\CVPL2\env\lib\site-packages\django\db\models\expressions.py", line 298, in output_field
    output_field = self._resolve_output_field()
  File "C:\CVPL2\env\lib\site-packages\django\db\models\expressions.py", line 665, in _resolve_output_field
    type(self.lhs._output_field_or_none),
  File "C:\CVPL2\env\lib\site-packages\django\utils\functional.py", line 57, in __get__
    res = instance.__dict__[self.name] = self.func(instance)
  File "C:\CVPL2\env\lib\site-packages\django\db\models\expressions.py", line 311, in _output_field_or_none
    return self.output_field
  File "C:\CVPL2\env\lib\site-packages\django\utils\functional.py", line 57, in __get__
    res = instance.__dict__[self.name] = self.func(instance)
  File "C:\CVPL2\env\lib\site-packages\django\db\models\expressions.py", line 298, in output_field
    output_field = self._resolve_output_field()
  File "C:\CVPL2\env\lib\site-packages\django\db\models\expressions.py", line 669, in _resolve_output_field
    raise FieldError(
django.core.exceptions.FieldError: Cannot infer type of '+' expression involving these types: CharField, CharField. You must set output_field.
Internal Server Error: /get_subcircuitos/1/
Traceback (most recent call last):
  File "C:\CVPL2\env\lib\site-packages\django\core\handlers\exception.py", line 55, in inner
    response = get_response(request)
  File "C:\CVPL2\env\lib\site-packages\django\core\handlers\base.py", line 197, in _get_response
    response = wrapped_callback(request, *callback_args, **callback_kwargs)
  File "C:\CVPL2\django-material-kit\home\views.py", line 95, in get_subcircuitos
    subcircuito_list = list(subcircuitos)
  File "C:\CVPL2\env\lib\site-packages\django\db\models\query.py", line 398, in __iter__
    self._fetch_all()
  File "C:\CVPL2\env\lib\site-packages\django\db\models\query.py", line 1881, in _fetch_all
    self._result_cache = list(self._iterable_class(self))
  File "C:\CVPL2\env\lib\site-packages\django\db\models\query.py", line 208, in __iter__
    for row in compiler.results_iter(
  File "C:\CVPL2\env\lib\site-packages\django\db\models\sql\compiler.py", line 1513, in results_iter
    results = self.execute_sql(
  File "C:\CVPL2\env\lib\site-packages\django\db\models\sql\compiler.py", line 1549, in execute_sql
    sql, params = self.as_sql()
  File "C:\CVPL2\env\lib\site-packages\django\db\models\sql\compiler.py", line 736, in as_sql
    extra_select, order_by, group_by = self.pre_sql_setup(
  File "C:\CVPL2\env\lib\site-packages\django\db\models\sql\compiler.py", line 84, in pre_sql_setup
    self.setup_query(with_col_aliases=with_col_aliases)
  File "C:\CVPL2\env\lib\site-packages\django\db\models\sql\compiler.py", line 73, in setup_query
    self.select, self.klass_info, self.annotation_col_map = self.get_select(
  File "C:\CVPL2\env\lib\site-packages\django\db\models\sql\compiler.py", line 309, in get_select
    sql, params = col.select_format(self, sql, params)
  File "C:\CVPL2\env\lib\site-packages\django\db\models\expressions.py", line 468, in select_format
    if hasattr(self.output_field, "select_format"):
  File "C:\CVPL2\env\lib\site-packages\django\utils\functional.py", line 57, in __get__
    res = instance.__dict__[self.name] = self.func(instance)
  File "C:\CVPL2\env\lib\site-packages\django\db\models\expressions.py", line 298, in output_field
    output_field = self._resolve_output_field()
  File "C:\CVPL2\env\lib\site-packages\django\db\models\expressions.py", line 665, in _resolve_output_field
    type(self.lhs._output_field_or_none),
  File "C:\CVPL2\env\lib\site-packages\django\utils\functional.py", line 57, in __get__
    res = instance.__dict__[self.name] = self.func(instance)
  File "C:\CVPL2\env\lib\site-packages\django\db\models\expressions.py", line 311, in _output_field_or_none
    return self.output_field
  File "C:\CVPL2\env\lib\site-packages\django\utils\functional.py", line 57, in __get__
    res = instance.__dict__[self.name] = self.func(instance)
  File "C:\CVPL2\env\lib\site-packages\django\db\models\expressions.py", line 298, in output_field
    output_field = self._resolve_output_field()
  File "C:\CVPL2\env\lib\site-packages\django\db\models\expressions.py", line 669, in _resolve_output_field
    raise FieldError(
django.core.exceptions.FieldError: Cannot infer type of '+' expression involving these types: CharField, CharField. You must set output_field.
C:\CVPL2\django-material-kit\home\views.py changed, reloading.
Watching for file changes with StatReloader
Internal Server Error: /get_subcircuitos/2/
Traceback (most recent call last):
  File "C:\CVPL2\env\lib\site-packages\django\core\handlers\exception.py", line 55, in inner
    response = get_response(request)
  File "C:\CVPL2\env\lib\site-packages\django\core\handlers\base.py", line 197, in _get_response
    response = wrapped_callback(request, *callback_args, **callback_kwargs)
  File "C:\CVPL2\django-material-kit\home\views.py", line 95, in get_subcircuitos
    subcircuito_list = list(subcircuitos)
  File "C:\CVPL2\env\lib\site-packages\django\db\models\query.py", line 398, in __iter__
    self._fetch_all()
  File "C:\CVPL2\env\lib\site-packages\django\db\models\query.py", line 1881, in _fetch_all
    self._result_cache = list(self._iterable_class(self))
  File "C:\CVPL2\env\lib\site-packages\django\db\models\query.py", line 208, in __iter__
    for row in compiler.results_iter(
  File "C:\CVPL2\env\lib\site-packages\django\db\models\sql\compiler.py", line 1513, in results_iter
    results = self.execute_sql(
  File "C:\CVPL2\env\lib\site-packages\django\db\models\sql\compiler.py", line 1549, in execute_sql
    sql, params = self.as_sql()
  File "C:\CVPL2\env\lib\site-packages\django\db\models\sql\compiler.py", line 736, in as_sql
    extra_select, order_by, group_by = self.pre_sql_setup(
  File "C:\CVPL2\env\lib\site-packages\django\db\models\sql\compiler.py", line 84, in pre_sql_setup
    self.setup_query(with_col_aliases=with_col_aliases)
  File "C:\CVPL2\env\lib\site-packages\django\db\models\sql\compiler.py", line 73, in setup_query
    self.select, self.klass_info, self.annotation_col_map = self.get_select(
  File "C:\CVPL2\env\lib\site-packages\django\db\models\sql\compiler.py", line 309, in get_select
    sql, params = col.select_format(self, sql, params)
  File "C:\CVPL2\env\lib\site-packages\django\db\models\expressions.py", line 468, in select_format
    if hasattr(self.output_field, "select_format"):
  File "C:\CVPL2\env\lib\site-packages\django\utils\functional.py", line 57, in __get__
    res = instance.__dict__[self.name] = self.func(instance)
  File "C:\CVPL2\env\lib\site-packages\django\db\models\expressions.py", line 298, in output_field
    output_field = self._resolve_output_field()
  File "C:\CVPL2\env\lib\site-packages\django\db\models\expressions.py", line 665, in _resolve_output_field
    type(self.lhs._output_field_or_none),
  File "C:\CVPL2\env\lib\site-packages\django\utils\functional.py", line 57, in __get__
    res = instance.__dict__[self.name] = self.func(instance)
  File "C:\CVPL2\env\lib\site-packages\django\db\models\expressions.py", line 311, in _output_field_or_none
    return self.output_field
  File "C:\CVPL2\env\lib\site-packages\django\utils\functional.py", line 57, in __get__
    res = instance.__dict__[self.name] = self.func(instance)
  File "C:\CVPL2\env\lib\site-packages\django\db\models\expressions.py", line 298, in output_field
    output_field = self._resolve_output_field()
  File "C:\CVPL2\env\lib\site-packages\django\db\models\expressions.py", line 669, in _resolve_output_field
    raise FieldError(
django.core.exceptions.FieldError: Cannot infer type of '+' expression involving these types: CharField, CharField. You must set output_field.
Internal Server Error: /get_subcircuitos/1/
Traceback (most recent call last):
  File "C:\CVPL2\env\lib\site-packages\django\core\handlers\exception.py", line 55, in inner
    response = get_response(request)
  File "C:\CVPL2\env\lib\site-packages\django\core\handlers\base.py", line 197, in _get_response
    response = wrapped_callback(request, *callback_args, **callback_kwargs)
  File "C:\CVPL2\django-material-kit\home\views.py", line 95, in get_subcircuitos
    subcircuito_list = list(subcircuitos)
  File "C:\CVPL2\env\lib\site-packages\django\db\models\query.py", line 398, in __iter__
    self._fetch_all()
  File "C:\CVPL2\env\lib\site-packages\django\db\models\query.py", line 1881, in _fetch_all
    self._result_cache = list(self._iterable_class(self))
  File "C:\CVPL2\env\lib\site-packages\django\db\models\query.py", line 208, in __iter__
    for row in compiler.results_iter(
  File "C:\CVPL2\env\lib\site-packages\django\db\models\sql\compiler.py", line 1513, in results_iter
    results = self.execute_sql(
  File "C:\CVPL2\env\lib\site-packages\django\db\models\sql\compiler.py", line 1549, in execute_sql
    sql, params = self.as_sql()
  File "C:\CVPL2\env\lib\site-packages\django\db\models\sql\compiler.py", line 736, in as_sql
    extra_select, order_by, group_by = self.pre_sql_setup(
  File "C:\CVPL2\env\lib\site-packages\django\db\models\sql\compiler.py", line 84, in pre_sql_setup
    self.setup_query(with_col_aliases=with_col_aliases)
  File "C:\CVPL2\env\lib\site-packages\django\db\models\sql\compiler.py", line 73, in setup_query
    self.select, self.klass_info, self.annotation_col_map = self.get_select(
  File "C:\CVPL2\env\lib\site-packages\django\db\models\sql\compiler.py", line 309, in get_select
    sql, params = col.select_format(self, sql, params)
  File "C:\CVPL2\env\lib\site-packages\django\db\models\expressions.py", line 468, in select_format
    if hasattr(self.output_field, "select_format"):
  File "C:\CVPL2\env\lib\site-packages\django\utils\functional.py", line 57, in __get__
    res = instance.__dict__[self.name] = self.func(instance)
  File "C:\CVPL2\env\lib\site-packages\django\db\models\expressions.py", line 298, in output_field
    output_field = self._resolve_output_field()
  File "C:\CVPL2\env\lib\site-packages\django\db\models\expressions.py", line 665, in _resolve_output_field
    type(self.lhs._output_field_or_none),
  File "C:\CVPL2\env\lib\site-packages\django\utils\functional.py", line 57, in __get__
    res = instance.__dict__[self.name] = self.func(instance)
  File "C:\CVPL2\env\lib\site-packages\django\db\models\expressions.py", line 311, in _output_field_or_none
    return self.output_field
  File "C:\CVPL2\env\lib\site-packages\django\utils\functional.py", line 57, in __get__
    res = instance.__dict__[self.name] = self.func(instance)
  File "C:\CVPL2\env\lib\site-packages\django\db\models\expressions.py", line 298, in output_field
    output_field = self._resolve_output_field()
  File "C:\CVPL2\env\lib\site-packages\django\db\models\expressions.py", line 669, in _resolve_output_field
    raise FieldError(
django.core.exceptions.FieldError: Cannot infer type of '+' expression involving these types: CharField, CharField. You must set output_field.
Internal Server Error: /get_subcircuitos/2/
Traceback (most recent call last):
  File "C:\CVPL2\env\lib\site-packages\django\core\handlers\exception.py", line 55, in inner
    response = get_response(request)
  File "C:\CVPL2\env\lib\site-packages\django\core\handlers\base.py", line 197, in _get_response
    response = wrapped_callback(request, *callback_args, **callback_kwargs)
  File "C:\CVPL2\django-material-kit\home\views.py", line 95, in get_subcircuitos
    subcircuito_list = list(subcircuitos)
  File "C:\CVPL2\env\lib\site-packages\django\db\models\query.py", line 398, in __iter__
    self._fetch_all()
  File "C:\CVPL2\env\lib\site-packages\django\db\models\query.py", line 1881, in _fetch_all
    self._result_cache = list(self._iterable_class(self))
  File "C:\CVPL2\env\lib\site-packages\django\db\models\query.py", line 208, in __iter__
    for row in compiler.results_iter(
  File "C:\CVPL2\env\lib\site-packages\django\db\models\sql\compiler.py", line 1513, in results_iter
    results = self.execute_sql(
  File "C:\CVPL2\env\lib\site-packages\django\db\models\sql\compiler.py", line 1549, in execute_sql
    sql, params = self.as_sql()
  File "C:\CVPL2\env\lib\site-packages\django\db\models\sql\compiler.py", line 736, in as_sql
    extra_select, order_by, group_by = self.pre_sql_setup(
  File "C:\CVPL2\env\lib\site-packages\django\db\models\sql\compiler.py", line 84, in pre_sql_setup
    self.setup_query(with_col_aliases=with_col_aliases)
  File "C:\CVPL2\env\lib\site-packages\django\db\models\sql\compiler.py", line 73, in setup_query
    self.select, self.klass_info, self.annotation_col_map = self.get_select(
  File "C:\CVPL2\env\lib\site-packages\django\db\models\sql\compiler.py", line 309, in get_select
    sql, params = col.select_format(self, sql, params)
  File "C:\CVPL2\env\lib\site-packages\django\db\models\expressions.py", line 468, in select_format
    if hasattr(self.output_field, "select_format"):
  File "C:\CVPL2\env\lib\site-packages\django\utils\functional.py", line 57, in __get__
    res = instance.__dict__[self.name] = self.func(instance)
  File "C:\CVPL2\env\lib\site-packages\django\db\models\expressions.py", line 298, in output_field
    output_field = self._resolve_output_field()
  File "C:\CVPL2\env\lib\site-packages\django\db\models\expressions.py", line 665, in _resolve_output_field
    type(self.lhs._output_field_or_none),
  File "C:\CVPL2\env\lib\site-packages\django\utils\functional.py", line 57, in __get__
    res = instance.__dict__[self.name] = self.func(instance)
  File "C:\CVPL2\env\lib\site-packages\django\db\models\expressions.py", line 311, in _output_field_or_none
    return self.output_field
  File "C:\CVPL2\env\lib\site-packages\django\utils\functional.py", line 57, in __get__
    res = instance.__dict__[self.name] = self.func(instance)
  File "C:\CVPL2\env\lib\site-packages\django\db\models\expressions.py", line 298, in output_field
    output_field = self._resolve_output_field()
  File "C:\CVPL2\env\lib\site-packages\django\db\models\expressions.py", line 669, in _resolve_output_field
    raise FieldError(
django.core.exceptions.FieldError: Cannot infer type of '+' expression involving these types: CharField, CharField. You must set output_field.
Watching for file changes with StatReloader
Internal Server Error: /get_subcircuitos/1/
Traceback (most recent call last):
  File "C:\CVPL2\env\lib\site-packages\django\core\handlers\exception.py", line 55, in inner
    response = get_response(request)
  File "C:\CVPL2\env\lib\site-packages\django\core\handlers\base.py", line 197, in _get_response
    response = wrapped_callback(request, *callback_args, **callback_kwargs)
  File "C:\CVPL2\django-material-kit\home\views.py", line 95, in get_subcircuitos
    subcircuito_list = list(subcircuitos)
  File "C:\CVPL2\env\lib\site-packages\django\db\models\query.py", line 398, in __iter__
    self._fetch_all()
  File "C:\CVPL2\env\lib\site-packages\django\db\models\query.py", line 1881, in _fetch_all
    self._result_cache = list(self._iterable_class(self))
  File "C:\CVPL2\env\lib\site-packages\django\db\models\query.py", line 208, in __iter__
    for row in compiler.results_iter(
  File "C:\CVPL2\env\lib\site-packages\django\db\models\sql\compiler.py", line 1513, in results_iter
    results = self.execute_sql(
  File "C:\CVPL2\env\lib\site-packages\django\db\models\sql\compiler.py", line 1549, in execute_sql
    sql, params = self.as_sql()
  File "C:\CVPL2\env\lib\site-packages\django\db\models\sql\compiler.py", line 736, in as_sql
    extra_select, order_by, group_by = self.pre_sql_setup(
  File "C:\CVPL2\env\lib\site-packages\django\db\models\sql\compiler.py", line 84, in pre_sql_setup
    self.setup_query(with_col_aliases=with_col_aliases)
  File "C:\CVPL2\env\lib\site-packages\django\db\models\sql\compiler.py", line 73, in setup_query
    self.select, self.klass_info, self.annotation_col_map = self.get_select(
  File "C:\CVPL2\env\lib\site-packages\django\db\models\sql\compiler.py", line 309, in get_select
    sql, params = col.select_format(self, sql, params)
  File "C:\CVPL2\env\lib\site-packages\django\db\models\expressions.py", line 468, in select_format
    if hasattr(self.output_field, "select_format"):
  File "C:\CVPL2\env\lib\site-packages\django\utils\functional.py", line 57, in __get__
    res = instance.__dict__[self.name] = self.func(instance)
  File "C:\CVPL2\env\lib\site-packages\django\db\models\expressions.py", line 298, in output_field
    output_field = self._resolve_output_field()
  File "C:\CVPL2\env\lib\site-packages\django\db\models\expressions.py", line 665, in _resolve_output_field
    type(self.lhs._output_field_or_none),
  File "C:\CVPL2\env\lib\site-packages\django\utils\functional.py", line 57, in __get__
    res = instance.__dict__[self.name] = self.func(instance)
  File "C:\CVPL2\env\lib\site-packages\django\db\models\expressions.py", line 311, in _output_field_or_none
    return self.output_field
  File "C:\CVPL2\env\lib\site-packages\django\utils\functional.py", line 57, in __get__
    res = instance.__dict__[self.name] = self.func(instance)
  File "C:\CVPL2\env\lib\site-packages\django\db\models\expressions.py", line 298, in output_field
    output_field = self._resolve_output_field()
  File "C:\CVPL2\env\lib\site-packages\django\db\models\expressions.py", line 669, in _resolve_output_field
    raise FieldError(
django.core.exceptions.FieldError: Cannot infer type of '+' expression involving these types: CharField, CharField. You must set output_field.
C:\CVPL2\django-material-kit\home\views.py changed, reloading.
Watching for file changes with StatReloader
Watching for file changes with StatReloader
Internal Server Error: /queja_sugerencia/
Traceback (most recent call last):
  File "C:\CVPL2\env\lib\site-packages\django\db\backends\utils.py", line 89, in _execute
    return self.cursor.execute(sql, params)
psycopg2.errors.NotNullViolation: el valor nulo en la columna «subcircuito_id» de la relación «home_quejasugerencia» viola la restricción de no nulo
DETAIL:  La fila que falla contiene (1, Reclamo, Lorem ipsum dolor sit amet, consectetur adipiscing elit, sed do ..., +593117485547, reclam 01, istta001, 2023-07-12 23:14:38.718776+00, 2, null).


The above exception was the direct cause of the following exception:

Traceback (most recent call last):
  File "C:\CVPL2\env\lib\site-packages\django\core\handlers\exception.py", line 55, in inner
    response = get_response(request)
  File "C:\CVPL2\env\lib\site-packages\django\core\handlers\base.py", line 197, in _get_response
    response = wrapped_callback(request, *callback_args, **callback_kwargs)
  File "C:\CVPL2\django-material-kit\home\views.py", line 88, in queja_sugerencia
    form.save()
  File "C:\CVPL2\env\lib\site-packages\django\forms\models.py", line 542, in save
    self.instance.save()
  File "C:\CVPL2\env\lib\site-packages\django\db\models\base.py", line 814, in save
    self.save_base(
  File "C:\CVPL2\env\lib\site-packages\django\db\models\base.py", line 877, in save_base
    updated = self._save_table(
  File "C:\CVPL2\env\lib\site-packages\django\db\models\base.py", line 1020, in _save_table
    results = self._do_insert(
  File "C:\CVPL2\env\lib\site-packages\django\db\models\base.py", line 1061, in _do_insert
    return manager._insert(
  File "C:\CVPL2\env\lib\site-packages\django\db\models\manager.py", line 87, in manager_method
    return getattr(self.get_queryset(), name)(*args, **kwargs)
  File "C:\CVPL2\env\lib\site-packages\django\db\models\query.py", line 1805, in _insert
    return query.get_compiler(using=using).execute_sql(returning_fields)
  File "C:\CVPL2\env\lib\site-packages\django\db\models\sql\compiler.py", line 1822, in execute_sql
    cursor.execute(sql, params)
  File "C:\CVPL2\env\lib\site-packages\django\db\backends\utils.py", line 102, in execute
    return super().execute(sql, params)
  File "C:\CVPL2\env\lib\site-packages\django\db\backends\utils.py", line 67, in execute
    return self._execute_with_wrappers(
  File "C:\CVPL2\env\lib\site-packages\django\db\backends\utils.py", line 80, in _execute_with_wrappers
    return executor(sql, params, many, context)
  File "C:\CVPL2\env\lib\site-packages\django\db\backends\utils.py", line 84, in _execute
    with self.db.wrap_database_errors:
  File "C:\CVPL2\env\lib\site-packages\django\db\utils.py", line 91, in __exit__
    raise dj_exc_value.with_traceback(traceback) from exc_value
  File "C:\CVPL2\env\lib\site-packages\django\db\backends\utils.py", line 89, in _execute
    return self.cursor.execute(sql, params)
django.db.utils.IntegrityError: el valor nulo en la columna «subcircuito_id» de la relación «home_quejasugerencia» viola la restricción de no nulo
DETAIL:  La fila que falla contiene (1, Reclamo, Lorem ipsum dolor sit amet, consectetur adipiscing elit, sed do ..., +593117485547, reclam 01, istta001, 2023-07-12 23:14:38.718776+00, 2, null).

Not Found: /favicon.ico
Internal Server Error: /queja_sugerencia/
Traceback (most recent call last):
  File "C:\CVPL2\env\lib\site-packages\django\db\backends\utils.py", line 89, in _execute
    return self.cursor.execute(sql, params)
psycopg2.errors.NotNullViolation: el valor nulo en la columna «subcircuito_id» de la relación «home_quejasugerencia» viola la restricción de no nulo
DETAIL:  La fila que falla contiene (2, Reclamo, Lorem ipsum dolor sit amet, consectetur adipiscing elit, sed do ..., +593117485547, reclam 01, istta001, 2023-07-12 23:15:10.610781+00, 2, null).


The above exception was the direct cause of the following exception:

Traceback (most recent call last):
  File "C:\CVPL2\env\lib\site-packages\django\core\handlers\exception.py", line 55, in inner
    response = get_response(request)
  File "C:\CVPL2\env\lib\site-packages\django\core\handlers\base.py", line 197, in _get_response
    response = wrapped_callback(request, *callback_args, **callback_kwargs)
  File "C:\CVPL2\django-material-kit\home\views.py", line 88, in queja_sugerencia
    form.save()
  File "C:\CVPL2\env\lib\site-packages\django\forms\models.py", line 542, in save
    self.instance.save()
  File "C:\CVPL2\env\lib\site-packages\django\db\models\base.py", line 814, in save
    self.save_base(
  File "C:\CVPL2\env\lib\site-packages\django\db\models\base.py", line 877, in save_base
    updated = self._save_table(
  File "C:\CVPL2\env\lib\site-packages\django\db\models\base.py", line 1020, in _save_table
    results = self._do_insert(
  File "C:\CVPL2\env\lib\site-packages\django\db\models\base.py", line 1061, in _do_insert
    return manager._insert(
  File "C:\CVPL2\env\lib\site-packages\django\db\models\manager.py", line 87, in manager_method
    return getattr(self.get_queryset(), name)(*args, **kwargs)
  File "C:\CVPL2\env\lib\site-packages\django\db\models\query.py", line 1805, in _insert
    return query.get_compiler(using=using).execute_sql(returning_fields)
  File "C:\CVPL2\env\lib\site-packages\django\db\models\sql\compiler.py", line 1822, in execute_sql
    cursor.execute(sql, params)
  File "C:\CVPL2\env\lib\site-packages\django\db\backends\utils.py", line 102, in execute
    return super().execute(sql, params)
  File "C:\CVPL2\env\lib\site-packages\django\db\backends\utils.py", line 67, in execute
    return self._execute_with_wrappers(
  File "C:\CVPL2\env\lib\site-packages\django\db\backends\utils.py", line 80, in _execute_with_wrappers
    return executor(sql, params, many, context)
  File "C:\CVPL2\env\lib\site-packages\django\db\backends\utils.py", line 84, in _execute
    with self.db.wrap_database_errors:
  File "C:\CVPL2\env\lib\site-packages\django\db\utils.py", line 91, in __exit__
    raise dj_exc_value.with_traceback(traceback) from exc_value
  File "C:\CVPL2\env\lib\site-packages\django\db\backends\utils.py", line 89, in _execute
    return self.cursor.execute(sql, params)
django.db.utils.IntegrityError: el valor nulo en la columna «subcircuito_id» de la relación «home_quejasugerencia» viola la restricción de no nulo
DETAIL:  La fila que falla contiene (2, Reclamo, Lorem ipsum dolor sit amet, consectetur adipiscing elit, sed do ..., +593117485547, reclam 01, istta001, 2023-07-12 23:15:10.610781+00, 2, null).

C:\CVPL2\django-material-kit\home\forms.py changed, reloading.
Watching for file changes with StatReloader
Internal Server Error: /queja_sugerencia/
Traceback (most recent call last):
  File "C:\CVPL2\env\lib\site-packages\django\core\handlers\exception.py", line 55, in inner
    response = get_response(request)
  File "C:\CVPL2\env\lib\site-packages\django\core\handlers\base.py", line 197, in _get_response
    response = wrapped_callback(request, *callback_args, **callback_kwargs)
  File "C:\CVPL2\django-material-kit\home\views.py", line 89, in queja_sugerencia
    return render(request, 'quejas/thanks.html')
  File "C:\CVPL2\env\lib\site-packages\django\shortcuts.py", line 24, in render
    content = loader.render_to_string(template_name, context, request, using=using)
  File "C:\CVPL2\env\lib\site-packages\django\template\loader.py", line 61, in render_to_string
    template = get_template(template_name, using=using)
  File "C:\CVPL2\env\lib\site-packages\django\template\loader.py", line 19, in get_template
    raise TemplateDoesNotExist(template_name, chain=chain)
django.template.exceptions.TemplateDoesNotExist: quejas/thanks.html
C:\CVPL2\django-material-kit\home\views.py changed, reloading.
Watching for file changes with StatReloader
books not found when generating links
books not found when generating links
C:\CVPL2\django-material-kit\home\admin.py changed, reloading.
Watching for file changes with StatReloader
books not found when generating links
C:\CVPL2\django-material-kit\home\views.py changed, reloading.
Watching for file changes with StatReloader
C:\CVPL2\django-material-kit\home\urls.py changed, reloading.
Watching for file changes with StatReloader
C:\CVPL2\django-material-kit\home\admin.py changed, reloading.
Watching for file changes with StatReloader
C:\CVPL2\django-material-kit\home\views.py changed, reloading.
Watching for file changes with StatReloader
Not Found: /admin/dasda
Internal Server Error: /admin/reporte_quejas_sugerencias/
Traceback (most recent call last):
  File "C:\CVPL2\env\lib\site-packages\django\core\handlers\exception.py", line 55, in inner
    response = get_response(request)
  File "C:\CVPL2\env\lib\site-packages\django\core\handlers\base.py", line 197, in _get_response
    response = wrapped_callback(request, *callback_args, **callback_kwargs)
  File "C:\CVPL2\env\lib\site-packages\django\contrib\auth\decorators.py", line 23, in _wrapper_view
    return view_func(request, *args, **kwargs)
  File "C:\CVPL2\django-material-kit\home\views.py", line 110, in reporte_quejas_sugerencias
    return render(request, 'admin/reporte_quejas_sugerencias.html', {'quejas_sugerencias': quejas_sugerencias})
  File "C:\CVPL2\env\lib\site-packages\django\shortcuts.py", line 24, in render
    content = loader.render_to_string(template_name, context, request, using=using)
  File "C:\CVPL2\env\lib\site-packages\django\template\loader.py", line 61, in render_to_string
    template = get_template(template_name, using=using)
  File "C:\CVPL2\env\lib\site-packages\django\template\loader.py", line 19, in get_template
    raise TemplateDoesNotExist(template_name, chain=chain)
django.template.exceptions.TemplateDoesNotExist: admin/reporte_quejas_sugerencias.html
C:\CVPL2\django-material-kit\home\views.py changed, reloading.
Watching for file changes with StatReloader
books not found when generating links
C:\CVPL2\django-material-kit\home\views.py changed, reloading.
Watching for file changes with StatReloader
Internal Server Error: /admin/reporte_quejas_sugerencias/
Traceback (most recent call last):
  File "C:\CVPL2\env\lib\site-packages\django\core\handlers\exception.py", line 55, in inner
    response = get_response(request)
  File "C:\CVPL2\env\lib\site-packages\django\core\handlers\base.py", line 197, in _get_response
    response = wrapped_callback(request, *callback_args, **callback_kwargs)
  File "C:\CVPL2\env\lib\site-packages\django\contrib\auth\decorators.py", line 23, in _wrapper_view
    return view_func(request, *args, **kwargs)
  File "C:\CVPL2\django-material-kit\home\views.py", line 110, in reporte_quejas_sugerencias
    return render(request, 'admin/reporte_quejas_sugerencias.html', {'quejas_sugerencias': quejas_sugerencias})
  File "C:\CVPL2\env\lib\site-packages\django\shortcuts.py", line 24, in render
    content = loader.render_to_string(template_name, context, request, using=using)
  File "C:\CVPL2\env\lib\site-packages\django\template\loader.py", line 61, in render_to_string
    template = get_template(template_name, using=using)
  File "C:\CVPL2\env\lib\site-packages\django\template\loader.py", line 19, in get_template
    raise TemplateDoesNotExist(template_name, chain=chain)
django.template.exceptions.TemplateDoesNotExist: admin/reporte_quejas_sugerencias.html
C:\CVPL2\django-material-kit\home\views.py changed, reloading.
Watching for file changes with StatReloader
books not found when generating links
books not found when generating links
books not found when generating links
books not found when generating links
books not found when generating links
books not found when generating links
books not found when generating links
books not found when generating links
books not found when generating links
books not found when generating links
books not found when generating links
books not found when generating links
books not found when generating links
books not found when generating links
books not found when generating links
books not found when generating links
books not found when generating links
C:\CVPL2\django-material-kit\home\admin.py changed, reloading.
Watching for file changes with StatReloader
books not found when generating links
books not found when generating links
books not found when generating links
books not found when generating links
books not found when generating links
books not found when generating links
C:\CVPL2\django-material-kit\home\admin.py changed, reloading.
Watching for file changes with StatReloader
books not found when generating links
books not found when generating links
books not found when generating links
books not found when generating links
books not found when generating links
books not found when generating links
books not found when generating links
books not found when generating links
books not found when generating links
books not found when generating links
books not found when generating links
books not found when generating links
books not found when generating links
books not found when generating links
books not found when generating links
books not found when generating links
books not found when generating links
books not found when generating links
books not found when generating links
books not found when generating links
books not found when generating links
books not found when generating links
books not found when generating links
books not found when generating links
books not found when generating links
books not found when generating links
books not found when generating links
books not found when generating links
books not found when generating links
books not found when generating links
books not found when generating links
books not found when generating links
books not found when generating links
books not found when generating links
books not found when generating links
books not found when generating links
books not found when generating links
books not found when generating links
books not found when generating links
books not found when generating links
books not found when generating links
books not found when generating links
books not found when generating links
books not found when generating links
books not found when generating links
books not found when generating links
books not found when generating links
books not found when generating links
books not found when generating links
books not found when generating links
books not found when generating links
books not found when generating links
books not found when generating links
books not found when generating links
books not found when generating links
books not found when generating links
books not found when generating links
books not found when generating links
books not found when generating links
books not found when generating links
books not found when generating links
books not found when generating links
books not found when generating links
books not found when generating links
books not found when generating links
books not found when generating links
books not found when generating links
books not found when generating links
books not found when generating links
books not found when generating links
books not found when generating links
books not found when generating links
books not found when generating links
books not found when generating links
books not found when generating links
books not found when generating links
books not found when generating links
books not found when generating links
books not found when generating links
books not found when generating links
books not found when generating links
books not found when generating links
books not found when generating links
books not found when generating links
books not found when generating links
books not found when generating links
books not found when generating links
books not found when generating links
Not Found: /favicon.ico
books not found when generating links
books not found when generating links
books not found when generating links
books not found when generating links
books not found when generating links
books not found when generating links
Watching for file changes with StatReloader
C:\CVPL2\django-material-kit\home\views.py changed, reloading.
Watching for file changes with StatReloader
C:\CVPL2\django-material-kit\home\urls.py changed, reloading.
Watching for file changes with StatReloader
C:\CVPL2\django-material-kit\home\admin.py changed, reloading.
Watching for file changes with StatReloader
books not found when generating links
C:\CVPL2\django-material-kit\home\admin.py changed, reloading.
Watching for file changes with StatReloader
books not found when generating links
books not found when generating links
books not found when generating links
books not found when generating links
books not found when generating links
